e:\сортировка\ipsgame\x64\debug\vc142.pdb
e:\сортировка\ipsgame\x64\debug\vc142.idb
e:\сортировка\ipsgame\x64\debug\player.obj
e:\сортировка\ipsgame\x64\debug\personintelligence.obj
e:\сортировка\ipsgame\x64\debug\menu.obj
e:\сортировка\ipsgame\x64\debug\ipsgame.obj
e:\сортировка\ipsgame\x64\debug\grcoregamesimdatainterpretator.obj
e:\сортировка\ipsgame\x64\debug\graphiccore.obj
e:\сортировка\ipsgame\x64\debug\gamesimulation.obj
e:\сортировка\ipsgame\x64\debug\gamecore.obj
e:\сортировка\ipsgame\x64\debug\gamebasecomponents.obj
e:\сортировка\ipsgame\x64\debug\battleforlifegamecomponents.obj
e:\сортировка\ipsgame\x64\debug\artificialintelligence.obj
e:\сортировка\ipsgame\x64\debug\airecursiondata.obj
e:\сортировка\ipsgame\x64\debug\ipsgame.exe
e:\сортировка\ipsgame\x64\debug\ipsgame.ilk
e:\сортировка\ipsgame\x64\debug\ipsgame.pdb
e:\сортировка\ipsgame\x64\debug\ipsgame.tlog\cl.command.1.tlog
e:\сортировка\ipsgame\x64\debug\ipsgame.tlog\cl.read.1.tlog
e:\сортировка\ipsgame\x64\debug\ipsgame.tlog\cl.write.1.tlog
e:\сортировка\ipsgame\x64\debug\ipsgame.tlog\link.command.1.tlog
e:\сортировка\ipsgame\x64\debug\ipsgame.tlog\link.read.1.tlog
e:\сортировка\ipsgame\x64\debug\ipsgame.tlog\link.write.1.tlog
